c:\users\therdes\source\workspaces\graph\debug\vc120.pdb
c:\users\therdes\source\workspaces\graph\debug\vc120.idb
c:\users\therdes\source\workspaces\graph\debug\breadthfirstdirectedpaths.obj
c:\users\therdes\source\workspaces\graph\debug\degrees.obj
c:\users\therdes\source\workspaces\graph\debug\depthfirstdirectedpaths.obj
c:\users\therdes\source\workspaces\graph\debug\depthfirstorder.obj
c:\users\therdes\source\workspaces\graph\debug\digraph.obj
c:\users\therdes\source\workspaces\graph\debug\directedcycle.obj
c:\users\therdes\source\workspaces\graph\debug\directeddfs.obj
c:\users\therdes\source\workspaces\graph\debug\edgeweightedgraph.obj
c:\users\therdes\source\workspaces\graph\debug\graphm.obj
c:\users\therdes\source\workspaces\graph\debug\kosarajuscc.obj
c:\users\therdes\source\workspaces\graph\debug\lazyprimmst.obj
c:\users\therdes\source\workspaces\graph\debug\main.obj
c:\users\therdes\source\workspaces\graph\debug\topological.obj
c:\users\therdes\source\workspaces\graph\debug\graph.ilk
c:\users\therdes\source\workspaces\graph\debug\graph.exe
c:\users\therdes\source\workspaces\graph\debug\graph.pdb
c:\users\therdes\source\workspaces\graph\debug\graph.tlog\cl.command.1.tlog
c:\users\therdes\source\workspaces\graph\debug\graph.tlog\cl.read.1.tlog
c:\users\therdes\source\workspaces\graph\debug\graph.tlog\cl.write.1.tlog
c:\users\therdes\source\workspaces\graph\debug\graph.tlog\link.command.1.tlog
c:\users\therdes\source\workspaces\graph\debug\graph.tlog\link.read.1.tlog
c:\users\therdes\source\workspaces\graph\debug\graph.tlog\link.write.1.tlog
